<?xml version="1.0" encoding="UTF-8"?>
<testng-results skipped="0" failed="0" ignored="0" total="1" passed="1">
  <reporter-output>
  </reporter-output>
  <suite name="Default suite" duration-ms="6822" started-at="2022-09-01T23:30:36 IST" finished-at="2022-09-01T23:30:43 IST">
    <groups>
    </groups>
    <test name="Default test" duration-ms="6822" started-at="2022-09-01T23:30:36 IST" finished-at="2022-09-01T23:30:43 IST">
      <class name="XMLScemaValidation">
        <test-method status="PASS" signature="schemaValidation()[pri:0, instance:XMLScemaValidation@17d677df]" name="schemaValidation" duration-ms="6681" started-at="2022-09-01T23:30:36 IST" finished-at="2022-09-01T23:30:43 IST">
          <reporter-output>
          </reporter-output>
        </test-method> <!-- schemaValidation -->
      </class> <!-- XMLScemaValidation -->
    </test> <!-- Default test -->
  </suite> <!-- Default suite -->
</testng-results>
